## 更新日志 2026/03/12
- 增加背包活动种子的种植，先按自定义顺序消耗背包中的1x1种子；背包种子不足时，再按‘第二优先策略’补种。
- 修复推送不生效





## 更新日志 2026/03/11
- 这是昨天晚上改的，最近较忙
- 删掉QQ扫码相关代码，默认手动输入code
- 整合了好友，拉黑好友，访客的页面
- 修复化肥无限购买问题，现在是选择化肥输入数量后点保存就买一次，然后自动取消勾选，等有时间把这个功能独立出来
- 优化了策略那里的布局，可以收布局，免得看着杂乱无章，UI重构画个大饼后面搞
- 好友问题暂时没时间搞，基本上目前都是读取访客，有能力的自己改一下，抓包写死也都是可以的，后面有空了我改
- 自动购买化肥那里，无机肥买不了，只能买有机肥，后面修复 (改好了之前的来了新的
- 修复无机化肥购买
- 修复好友，目前自动读取访客缓存来更新好友列表，如果你可以抓到完整的gid可以在访客界面导入
- 添加批量导入GID
- 修复封号拉黑后不进黑名单还一直报错日志刷屏
- 添加GID查看、一键清除无效GID
- 添加好友的等级和金币查看




## 更新日志 2026/03/10
- 新增管理员界面的token展示，可一键复制token、
- 优化整体界面，看着没那么拥挤
- 修复版本低问题，现在可以正常登录
- 背包出售消息提示更人性化
- 优化策略的布局，可以收起内容避免按钮太多
- 新增自定义防偷秒数




## 更新日志 2026/03/09
- 修复出售问题，现在关掉后不会自动出售背包植物了
- 新增施肥土地选择，可选择具体品质的土地
- 新增二季施肥--感谢Sichongzou，借鉴了一下大佬的代码
- 默认策略关掉了自动出售，按需打开
- 优化了巡视逻辑
- 增加访客记录功能
- 增加了新农作物的图片外显和名称
- 四格作物占用的4块地都会显示为已种植，不会再把3块当空地。
- 一键种植不会再把这些副地块继续拿去种别的。
- 如果策略选到这类 2x2 种子，买种子和播种会按合种尺寸处理。
- 土地卡片加了合种标识
- 去除水印
- 主题设置改为下拉选择框
- 背包展示更符合人性化，新增化肥狗粮的图标，变异新种子的图标
- 背包添加种子、果实的售出功能，道具的使用功能并进行分类处理
- 删除开服红包功能


## 更新日志 2026/03/08 开源项目，禁止贩卖，禁止商用！！！
- 优化购买肥料，现在可以购买有机和无机，并且可以自定义数量(没怎么测试，有问题提交，因为我的点券手贱被清空买了三千多小时有机肥料了才有的这个功能)
- 修复QQ无法登录问题，协议更新
- 优化了推荐策略的设置，购买肥料默认无机10个
- 修复好友巡查一直倒计时，不显示具体时间


## 更新日志 2026/03/08  开源项目，禁止贩卖，禁止商用！！！
- 目前卡密功能完善，分为额度卡密和时间卡密
- 优化了许多细节，策略增加了一键应用我自己大号的策略，增加有机肥防偷
- 增加了公告管理，优化种植物的排序搜索，优化日志功能
- 新增用户权限隔离
- 后续再慢慢优化，喜欢点一个star吧！